Copyright 1986-2018 Xilinx, Inc. All Rights Reserved.
------------------------------------------------------------------------------------
| Tool Version : Vivado v.2018.3 (win64) Build 2405991 Thu Dec  6 23:38:27 MST 2018
| Date         : Tue Nov 10 18:53:52 2020
| Host         : 13-02625 running 64-bit major release  (build 9200)
| Command      : report_clock_utilization -file top_clock_utilization_routed.rpt
| Design       : top
| Device       : 7k325t-ffg900
| Speed File   : -2  PRODUCTION 1.12 2017-02-17
------------------------------------------------------------------------------------

Clock Utilization Report

Table of Contents
-----------------
1. Clock Primitive Utilization
2. Global Clock Resources
3. Global Clock Source Details
4. Clock Regions: Key Resource Utilization
5. Clock Regions : Global Clock Summary
6. Device Cell Placement Summary for Global Clock g0
7. Device Cell Placement Summary for Global Clock g1
8. Device Cell Placement Summary for Global Clock g2
9. Device Cell Placement Summary for Global Clock g3
10. Clock Region Cell Placement per Global Clock: Region X1Y3
11. Clock Region Cell Placement per Global Clock: Region X1Y4
12. Clock Region Cell Placement per Global Clock: Region X0Y5
13. Clock Region Cell Placement per Global Clock: Region X1Y5

1. Clock Primitive Utilization
------------------------------

+----------+------+-----------+-----+--------------+--------+
| Type     | Used | Available | LOC | Clock Region | Pblock |
+----------+------+-----------+-----+--------------+--------+
| BUFGCTRL |    3 |        32 |   0 |            0 |      0 |
| BUFH     |    1 |       168 |   0 |            0 |      0 |
| BUFIO    |    0 |        40 |   0 |            0 |      0 |
| BUFMR    |    0 |        20 |   0 |            0 |      0 |
| BUFR     |    0 |        40 |   0 |            0 |      0 |
| MMCM     |    0 |        10 |   0 |            0 |      0 |
| PLL      |    0 |        10 |   0 |            0 |      0 |
+----------+------+-----------+-----+--------------+--------+


2. Global Clock Resources
-------------------------

+-----------+-----------+-----------------+------------+----------------+--------------+-------------------+-------------+-----------------+--------------+---------------------------------------------------------------------------------------------------------------+----------------------------------------------------------------------------------------------------------+------------------------------------------------------------------------------------------------------------+
| Global Id | Source Id | Driver Type/Pin | Constraint | Site           | Clock Region | Load Clock Region | Clock Loads | Non-Clock Loads | Clock Period | Clock                                                                                                         | Driver Pin                                                                                               | Net                                                                                                        |
+-----------+-----------+-----------------+------------+----------------+--------------+-------------------+-------------+-----------------+--------------+---------------------------------------------------------------------------------------------------------------+----------------------------------------------------------------------------------------------------------+------------------------------------------------------------------------------------------------------------+
| g0        | src0      | BUFG/O          | None       | BUFGCTRL_X0Y16 | n/a          |                 3 |        2408 |               0 |       25.000 | gtwizard_0_exdes_i/gtwizard_0_support_i/gtwizard_0_init_i/inst/gtwizard_0_i/gt0_gtwizard_0_i/gtxe2_i/TXOUTCLK | gtwizard_0_exdes_i/gtwizard_0_support_i/gt_usrclk_source/txoutclk_bufg0_i/O                              | gtwizard_0_exdes_i/gtwizard_0_support_i/gt_usrclk_source/GT0_RXUSRCLK2_OUT                                 |
| g1        | src1      | BUFG/O          | None       | BUFGCTRL_X0Y1  | n/a          |                 2 |         461 |               0 |       33.000 | dbg_hub/inst/BSCANID.u_xsdbm_id/SWITCH_N_EXT_BSCAN.bscan_inst/SERIES7_BSCAN.bscan_inst/TCK                    | dbg_hub/inst/BSCANID.u_xsdbm_id/SWITCH_N_EXT_BSCAN.u_bufg_icon_tck/O                                     | dbg_hub/inst/BSCANID.u_xsdbm_id/itck_i                                                                     |
| g2        | src2      | BUFG/O          | None       | BUFGCTRL_X0Y0  | n/a          |                 2 |         250 |               0 |              |                                                                                                               | gtwizard_0_exdes_i/DRP_CLK_BUFG/O                                                                        | gtwizard_0_exdes_i/drpclk_in_i                                                                             |
| g3        | src3      | BUFH/O          | None       | BUFHCE_X0Y60   | X0Y5         |                 1 |           9 |               0 |        6.250 | Q2_CLK1_GTREFCLK_PAD_P_IN                                                                                     | gtwizard_0_exdes_i/gtwizard_0_support_i/gtwizard_0_init_i/inst/gtwizard_0_i/cpll_railing0_i/refclk_buf/O | gtwizard_0_exdes_i/gtwizard_0_support_i/gtwizard_0_init_i/inst/gtwizard_0_i/cpll_railing0_i/refclk_buf_n_0 |
+-----------+-----------+-----------------+------------+----------------+--------------+-------------------+-------------+-----------------+--------------+---------------------------------------------------------------------------------------------------------------+----------------------------------------------------------------------------------------------------------+------------------------------------------------------------------------------------------------------------+
* Clock Loads column represents the clock pin loads (pin count)
** Non-Clock Loads column represents the non-clock pin loads (pin count)


3. Global Clock Source Details
------------------------------

+-----------+-----------+------------------------+--------------------+--------------------+--------------+-------------+-----------------+---------------------+---------------------------------------------------------------------------------------------------------------+---------------------------------------------------------------------------------------------------------------+---------------------------------------------------------------------------------------------------------------+
| Source Id | Global Id | Driver Type/Pin        | Constraint         | Site               | Clock Region | Clock Loads | Non-Clock Loads | Source Clock Period | Source Clock                                                                                                  | Driver Pin                                                                                                    | Net                                                                                                           |
+-----------+-----------+------------------------+--------------------+--------------------+--------------+-------------+-----------------+---------------------+---------------------------------------------------------------------------------------------------------------+---------------------------------------------------------------------------------------------------------------+---------------------------------------------------------------------------------------------------------------+
| src0      | g0        | GTXE2_CHANNEL/TXOUTCLK | GTXE2_CHANNEL_X0Y8 | GTXE2_CHANNEL_X0Y8 | X1Y5         |           1 |               0 |              25.000 | gtwizard_0_exdes_i/gtwizard_0_support_i/gtwizard_0_init_i/inst/gtwizard_0_i/gt0_gtwizard_0_i/gtxe2_i/TXOUTCLK | gtwizard_0_exdes_i/gtwizard_0_support_i/gtwizard_0_init_i/inst/gtwizard_0_i/gt0_gtwizard_0_i/gtxe2_i/TXOUTCLK | gtwizard_0_exdes_i/gtwizard_0_support_i/gtwizard_0_init_i/inst/gtwizard_0_i/gt0_gtwizard_0_i/gt0_txoutclk_out |
| src1      | g1        | BSCANE2/TCK            | None               | BSCAN_X0Y0         | X0Y2         |           1 |               0 |              33.000 | dbg_hub/inst/BSCANID.u_xsdbm_id/SWITCH_N_EXT_BSCAN.bscan_inst/SERIES7_BSCAN.bscan_inst/TCK                    | dbg_hub/inst/BSCANID.u_xsdbm_id/SWITCH_N_EXT_BSCAN.bscan_inst/SERIES7_BSCAN.bscan_inst/TCK                    | dbg_hub/inst/BSCANID.u_xsdbm_id/SWITCH_N_EXT_BSCAN.bscan_inst/tck_bs                                          |
| src2      | g2        | IBUFDS/O               | IOB_X1Y76          | IOB_X1Y76          | X1Y1         |           1 |               0 |                     |                                                                                                               | gtwizard_0_exdes_i/IBUFDS_DRP_CLK/O                                                                           | gtwizard_0_exdes_i/DRPCLK_IN                                                                                  |
| src3      | g3        | IBUFDS_GTE2/O          | IBUFDS_GTE2_X0Y5   | IBUFDS_GTE2_X0Y5   | X1Y5         |           2 |               0 |               6.250 | Q2_CLK1_GTREFCLK_PAD_P_IN                                                                                     | gtwizard_0_exdes_i/gtwizard_0_support_i/gt_usrclk_source/ibufds_instQ2_CLK1/O                                 | gtwizard_0_exdes_i/gtwizard_0_support_i/gt_usrclk_source/Q2_CLK1_GTREFCLK_OUT                                 |
+-----------+-----------+------------------------+--------------------+--------------------+--------------+-------------+-----------------+---------------------+---------------------------------------------------------------------------------------------------------------+---------------------------------------------------------------------------------------------------------------+---------------------------------------------------------------------------------------------------------------+
* Clock Loads column represents the clock pin loads (pin count)
** Non-Clock Loads column represents the non-clock pin loads (pin count)


4. Clock Regions: Key Resource Utilization
------------------------------------------

+-------------------+--------------+--------------+--------------+--------------+--------------+--------------+--------------+--------------+--------------+--------------+--------------+--------------+--------------+--------------+--------------+
|                   | Global Clock |     BUFRs    |    BUFMRs    |    BUFIOs    |     MMCM     |      PLL     |      GT      |      PCI     |    ILOGIC    |    OLOGIC    |      FF      |     LUTM     |    RAMB18    |    RAMB36    |    DSP48E2   |
+-------------------+------+-------+------+-------+------+-------+------+-------+------+-------+------+-------+------+-------+------+-------+------+-------+------+-------+------+-------+------+-------+------+-------+------+-------+------+-------+
| Clock Region Name | Used | Avail | Used | Avail | Used | Avail | Used | Avail | Used | Avail | Used | Avail | Used | Avail | Used | Avail | Used | Avail | Used | Avail | Used | Avail | Used | Avail | Used | Avail | Used | Avail | Used | Avail |
+-------------------+------+-------+------+-------+------+-------+------+-------+------+-------+------+-------+------+-------+------+-------+------+-------+------+-------+------+-------+------+-------+------+-------+------+-------+------+-------+
| X0Y0              |    0 |    12 |    0 |     4 |    0 |     2 |    0 |     4 |    0 |     1 |    0 |     1 |    0 |     0 |    0 |     0 |    0 |    50 |    0 |    50 |    0 |  4000 |    0 |  1150 |    0 |    60 |    0 |    30 |    0 |    60 |
| X1Y0              |    0 |    12 |    0 |     4 |    0 |     2 |    0 |     4 |    0 |     1 |    0 |     1 |    0 |     0 |    0 |     0 |    0 |    50 |    0 |    50 |    0 |  3700 |    0 |  1200 |    0 |    80 |    0 |    40 |    0 |    60 |
| X0Y1              |    0 |    12 |    0 |     4 |    0 |     2 |    0 |     4 |    0 |     1 |    0 |     1 |    0 |     0 |    0 |     0 |    0 |    50 |    0 |    50 |    0 |  4000 |    0 |  1150 |    0 |    60 |    0 |    30 |    0 |    60 |
| X1Y1              |    0 |    12 |    0 |     4 |    0 |     2 |    0 |     4 |    0 |     1 |    0 |     1 |    0 |     0 |    0 |     0 |    0 |    50 |    0 |    50 |    0 |  3700 |    0 |  1200 |    0 |    80 |    0 |    40 |    0 |    60 |
| X0Y2              |    0 |    12 |    0 |     4 |    0 |     2 |    0 |     4 |    0 |     1 |    0 |     1 |    0 |     0 |    0 |     0 |    0 |    50 |    0 |    50 |    0 |  3400 |    0 |  1150 |    0 |    60 |    0 |    30 |    0 |    60 |
| X1Y2              |    0 |    12 |    0 |     4 |    0 |     2 |    0 |     4 |    0 |     1 |    0 |     1 |    0 |     0 |    0 |     0 |    0 |    50 |    0 |    50 |    0 |  3700 |    0 |  1200 |    0 |    80 |    0 |    40 |    0 |    60 |
| X0Y3              |    0 |    12 |    0 |     4 |    0 |     2 |    0 |     4 |    0 |     1 |    0 |     1 |    0 |     0 |    0 |     0 |    0 |    50 |    0 |    50 |    0 |  3400 |    0 |  1150 |    0 |    60 |    0 |    30 |    0 |    60 |
| X1Y3              |    1 |    12 |    0 |     0 |    0 |     0 |    0 |     0 |    0 |     0 |    0 |     0 |    0 |     4 |    0 |     1 |    0 |     0 |    0 |     0 |    6 |  3150 |    0 |  1050 |    0 |    50 |    0 |    25 |    0 |    60 |
| X0Y4              |    0 |    12 |    0 |     4 |    0 |     2 |    0 |     4 |    0 |     1 |    0 |     1 |    0 |     0 |    0 |     0 |    0 |    50 |    0 |    50 |    0 |  4000 |    0 |  1150 |    0 |    60 |    0 |    30 |    0 |    60 |
| X1Y4              |    3 |    12 |    0 |     0 |    0 |     0 |    0 |     0 |    0 |     0 |    0 |     0 |    0 |     4 |    0 |     0 |    0 |     0 |    0 |     0 | 1504 |  3300 |  713 |  1100 |    0 |    60 |    4 |    30 |    0 |    60 |
| X0Y5              |    1 |    12 |    0 |     4 |    0 |     2 |    0 |     4 |    0 |     1 |    0 |     1 |    0 |     0 |    0 |     0 |    0 |    50 |    0 |    50 |    2 |  4000 |    9 |  1150 |    0 |    60 |    0 |    30 |    0 |    60 |
| X1Y5              |    3 |    12 |    0 |     0 |    0 |     0 |    0 |     0 |    0 |     0 |    0 |     0 |    1 |     4 |    0 |     0 |    0 |     0 |    0 |     0 | 1285 |  3300 |  400 |  1100 |    0 |    60 |    0 |    30 |    0 |    60 |
| X0Y6              |    0 |    12 |    0 |     4 |    0 |     2 |    0 |     4 |    0 |     1 |    0 |     1 |    0 |     0 |    0 |     0 |    0 |    50 |    0 |    50 |    0 |  4000 |    0 |  1150 |    0 |    60 |    0 |    30 |    0 |    60 |
| X1Y6              |    0 |    12 |    0 |     0 |    0 |     0 |    0 |     0 |    0 |     0 |    0 |     0 |    0 |     4 |    0 |     0 |    0 |     0 |    0 |     0 |    0 |  3300 |    0 |  1100 |    0 |    60 |    0 |    30 |    0 |    60 |
+-------------------+------+-------+------+-------+------+-------+------+-------+------+-------+------+-------+------+-------+------+-------+------+-------+------+-------+------+-------+------+-------+------+-------+------+-------+------+-------+
* Global Clock column represents track count; while other columns represents cell counts


5. Clock Regions : Global Clock Summary
---------------------------------------

All Modules
+----+----+----+
|    | X0 | X1 |
+----+----+----+
| Y6 |  0 |  0 |
| Y5 |  1 |  3 |
| Y4 |  0 |  3 |
| Y3 |  0 |  1 |
| Y2 |  0 |  0 |
| Y1 |  0 |  0 |
| Y0 |  0 |  0 |
+----+----+----+


6. Device Cell Placement Summary for Global Clock g0
----------------------------------------------------

+-----------+-----------------+-------------------+---------------------------------------------------------------------------------------------------------------+-------------+----------------+-------------+----------+----------------+----------+----------------------------------------------------------------------------+
| Global Id | Driver Type/Pin | Driver Region (D) | Clock                                                                                                         | Period (ns) | Waveform (ns)  | Slice Loads | IO Loads | Clocking Loads | GT Loads | Net                                                                        |
+-----------+-----------------+-------------------+---------------------------------------------------------------------------------------------------------------+-------------+----------------+-------------+----------+----------------+----------+----------------------------------------------------------------------------+
| g0        | BUFG/O          | n/a               | gtwizard_0_exdes_i/gtwizard_0_support_i/gtwizard_0_init_i/inst/gtwizard_0_i/gt0_gtwizard_0_i/gtxe2_i/TXOUTCLK |      25.000 | {0.000 12.500} |        2284 |        0 |              0 |        1 | gtwizard_0_exdes_i/gtwizard_0_support_i/gt_usrclk_source/GT0_RXUSRCLK2_OUT |
+-----------+-----------------+-------------------+---------------------------------------------------------------------------------------------------------------+-------------+----------------+-------------+----------+----------------+----------+----------------------------------------------------------------------------+
* Logic Loads column represents load cell count of all cell types other than IO, GT and clock resources
** IO Loads column represents load cell count of IO types
*** Clocking Loads column represents load cell count that are clock resources (global clock buffer, MMCM, PLL, etc)
**** GT Loads column represents load cell count of GT types


+----+----+-------+
|    | X0 | X1    |
+----+----+-------+
| Y6 |  0 |     0 |
| Y5 |  0 |   836 |
| Y4 |  0 |  1443 |
| Y3 |  0 |     6 |
| Y2 |  0 |     0 |
| Y1 |  0 |     0 |
| Y0 |  0 |     0 |
+----+----+-------+


7. Device Cell Placement Summary for Global Clock g1
----------------------------------------------------

+-----------+-----------------+-------------------+--------------------------------------------------------------------------------------------+-------------+----------------+-------------+----------+----------------+----------+----------------------------------------+
| Global Id | Driver Type/Pin | Driver Region (D) | Clock                                                                                      | Period (ns) | Waveform (ns)  | Slice Loads | IO Loads | Clocking Loads | GT Loads | Net                                    |
+-----------+-----------------+-------------------+--------------------------------------------------------------------------------------------+-------------+----------------+-------------+----------+----------------+----------+----------------------------------------+
| g1        | BUFG/O          | n/a               | dbg_hub/inst/BSCANID.u_xsdbm_id/SWITCH_N_EXT_BSCAN.bscan_inst/SERIES7_BSCAN.bscan_inst/TCK |      33.000 | {0.000 16.500} |         458 |        0 |              0 |        0 | dbg_hub/inst/BSCANID.u_xsdbm_id/itck_i |
+-----------+-----------------+-------------------+--------------------------------------------------------------------------------------------+-------------+----------------+-------------+----------+----------------+----------+----------------------------------------+
* Logic Loads column represents load cell count of all cell types other than IO, GT and clock resources
** IO Loads column represents load cell count of IO types
*** Clocking Loads column represents load cell count that are clock resources (global clock buffer, MMCM, PLL, etc)
**** GT Loads column represents load cell count of GT types


+----+----+------+
|    | X0 | X1   |
+----+----+------+
| Y6 |  0 |    0 |
| Y5 |  0 |  401 |
| Y4 |  0 |   57 |
| Y3 |  0 |    0 |
| Y2 |  0 |    0 |
| Y1 |  0 |    0 |
| Y0 |  0 |    0 |
+----+----+------+


8. Device Cell Placement Summary for Global Clock g2
----------------------------------------------------

+-----------+-----------------+-------------------+-------+-------------+---------------+-------------+----------+----------------+----------+--------------------------------+
| Global Id | Driver Type/Pin | Driver Region (D) | Clock | Period (ns) | Waveform (ns) | Slice Loads | IO Loads | Clocking Loads | GT Loads | Net                            |
+-----------+-----------------+-------------------+-------+-------------+---------------+-------------+----------+----------------+----------+--------------------------------+
| g2        | BUFG/O          | n/a               |       |             |               |         247 |        0 |              0 |        2 | gtwizard_0_exdes_i/drpclk_in_i |
+-----------+-----------------+-------------------+-------+-------------+---------------+-------------+----------+----------------+----------+--------------------------------+
* Logic Loads column represents load cell count of all cell types other than IO, GT and clock resources
** IO Loads column represents load cell count of IO types
*** Clocking Loads column represents load cell count that are clock resources (global clock buffer, MMCM, PLL, etc)
**** GT Loads column represents load cell count of GT types


+----+----+------+
|    | X0 | X1   |
+----+----+------+
| Y6 |  0 |    0 |
| Y5 |  0 |   75 |
| Y4 |  0 |  174 |
| Y3 |  0 |    0 |
| Y2 |  0 |    0 |
| Y1 |  0 |    0 |
| Y0 |  0 |    0 |
+----+----+------+


9. Device Cell Placement Summary for Global Clock g3
----------------------------------------------------

+-----------+-----------------+-------------------+---------------------------+-------------+---------------+-------------+----------+----------------+----------+------------------------------------------------------------------------------------------------------------+
| Global Id | Driver Type/Pin | Driver Region (D) | Clock                     | Period (ns) | Waveform (ns) | Slice Loads | IO Loads | Clocking Loads | GT Loads | Net                                                                                                        |
+-----------+-----------------+-------------------+---------------------------+-------------+---------------+-------------+----------+----------------+----------+------------------------------------------------------------------------------------------------------------+
| g3        | BUFH/O          | X0Y5              | Q2_CLK1_GTREFCLK_PAD_P_IN |       6.250 | {0.000 3.125} |           9 |        0 |              0 |        0 | gtwizard_0_exdes_i/gtwizard_0_support_i/gtwizard_0_init_i/inst/gtwizard_0_i/cpll_railing0_i/refclk_buf_n_0 |
+-----------+-----------------+-------------------+---------------------------+-------------+---------------+-------------+----------+----------------+----------+------------------------------------------------------------------------------------------------------------+
* Logic Loads column represents load cell count of all cell types other than IO, GT and clock resources
** IO Loads column represents load cell count of IO types
*** Clocking Loads column represents load cell count that are clock resources (global clock buffer, MMCM, PLL, etc)
**** GT Loads column represents load cell count of GT types


+----+--------+----+
|    | X0     | X1 |
+----+--------+----+
| Y6 |      0 |  0 |
| Y5 |  (D) 9 |  0 |
| Y4 |      0 |  0 |
| Y3 |      0 |  0 |
| Y2 |      0 |  0 |
| Y1 |      0 |  0 |
| Y0 |      0 |  0 |
+----+--------+----+


10. Clock Region Cell Placement per Global Clock: Region X1Y3
-------------------------------------------------------------

+-----------+-------+-----------------+------------+-------------+-----------------+----+--------+------+-----+----+------+-----+---------+----------------------------------------------------------------------------+
| Global Id | Track | Driver Type/Pin | Constraint | Clock Loads | Non-Clock Loads | FF | LUTRAM | RAMB | DSP | GT | MMCM | PLL | Hard IP | Net                                                                        |
+-----------+-------+-----------------+------------+-------------+-----------------+----+--------+------+-----+----+------+-----+---------+----------------------------------------------------------------------------+
| g0        | n/a   | BUFG/O          | None       |           6 |               0 |  6 |      0 |    0 |   0 |  0 |    0 |   0 |       0 | gtwizard_0_exdes_i/gtwizard_0_support_i/gt_usrclk_source/GT0_RXUSRCLK2_OUT |
+-----------+-------+-----------------+------------+-------------+-----------------+----+--------+------+-----+----+------+-----+---------+----------------------------------------------------------------------------+
* Clock Loads column represents the clock pin loads (pin count)
** Non-Clock Loads column represents the non-clock pin loads (pin count)
*** Columns FF, LUTRAM, RAMB through 'Hard IP' represents load cell counts


11. Clock Region Cell Placement per Global Clock: Region X1Y4
-------------------------------------------------------------

+-----------+-------+-----------------+------------+-------------+-----------------+------+--------+------+-----+----+------+-----+---------+----------------------------------------------------------------------------+
| Global Id | Track | Driver Type/Pin | Constraint | Clock Loads | Non-Clock Loads | FF   | LUTRAM | RAMB | DSP | GT | MMCM | PLL | Hard IP | Net                                                                        |
+-----------+-------+-----------------+------------+-------------+-----------------+------+--------+------+-----+----+------+-----+---------+----------------------------------------------------------------------------+
| g0        | n/a   | BUFG/O          | None       |        1443 |               0 | 1273 |    165 |    4 |   0 |  0 |    0 |   0 |       0 | gtwizard_0_exdes_i/gtwizard_0_support_i/gt_usrclk_source/GT0_RXUSRCLK2_OUT |
| g1        | n/a   | BUFG/O          | None       |          57 |               0 |   57 |      0 |    0 |   0 |  0 |    0 |   0 |       0 | dbg_hub/inst/BSCANID.u_xsdbm_id/itck_i                                     |
| g2        | n/a   | BUFG/O          | None       |         174 |               0 |  174 |      0 |    0 |   0 |  0 |    0 |   0 |       0 | gtwizard_0_exdes_i/drpclk_in_i                                             |
+-----------+-------+-----------------+------------+-------------+-----------------+------+--------+------+-----+----+------+-----+---------+----------------------------------------------------------------------------+
* Clock Loads column represents the clock pin loads (pin count)
** Non-Clock Loads column represents the non-clock pin loads (pin count)
*** Columns FF, LUTRAM, RAMB through 'Hard IP' represents load cell counts


12. Clock Region Cell Placement per Global Clock: Region X0Y5
-------------------------------------------------------------

+-----------+-------+-----------------+------------+-------------+-----------------+----+--------+------+-----+----+------+-----+---------+------------------------------------------------------------------------------------------------------------+
| Global Id | Track | Driver Type/Pin | Constraint | Clock Loads | Non-Clock Loads | FF | LUTRAM | RAMB | DSP | GT | MMCM | PLL | Hard IP | Net                                                                                                        |
+-----------+-------+-----------------+------------+-------------+-----------------+----+--------+------+-----+----+------+-----+---------+------------------------------------------------------------------------------------------------------------+
| g3        | n/a   | BUFH/O          | None       |           9 |               0 |  2 |      7 |    0 |   0 |  0 |    0 |   0 |       0 | gtwizard_0_exdes_i/gtwizard_0_support_i/gtwizard_0_init_i/inst/gtwizard_0_i/cpll_railing0_i/refclk_buf_n_0 |
+-----------+-------+-----------------+------------+-------------+-----------------+----+--------+------+-----+----+------+-----+---------+------------------------------------------------------------------------------------------------------------+
* Clock Loads column represents the clock pin loads (pin count)
** Non-Clock Loads column represents the non-clock pin loads (pin count)
*** Columns FF, LUTRAM, RAMB through 'Hard IP' represents load cell counts


13. Clock Region Cell Placement per Global Clock: Region X1Y5
-------------------------------------------------------------

+-----------+-------+-----------------+------------+-------------+-----------------+-----+--------+------+-----+----+------+-----+---------+----------------------------------------------------------------------------+
| Global Id | Track | Driver Type/Pin | Constraint | Clock Loads | Non-Clock Loads | FF  | LUTRAM | RAMB | DSP | GT | MMCM | PLL | Hard IP | Net                                                                        |
+-----------+-------+-----------------+------------+-------------+-----------------+-----+--------+------+-----+----+------+-----+---------+----------------------------------------------------------------------------+
| g0        | n/a   | BUFG/O          | None       |         836 |               0 | 811 |     24 |    0 |   0 |  1 |    0 |   0 |       0 | gtwizard_0_exdes_i/gtwizard_0_support_i/gt_usrclk_source/GT0_RXUSRCLK2_OUT |
| g1        | n/a   | BUFG/O          | None       |         401 |               0 | 401 |      0 |    0 |   0 |  0 |    0 |   0 |       0 | dbg_hub/inst/BSCANID.u_xsdbm_id/itck_i                                     |
| g2        | n/a   | BUFG/O          | None       |          75 |               0 |  73 |      0 |    0 |   0 |  1 |    0 |   0 |       0 | gtwizard_0_exdes_i/drpclk_in_i                                             |
+-----------+-------+-----------------+------------+-------------+-----------------+-----+--------+------+-----+----+------+-----+---------+----------------------------------------------------------------------------+
* Clock Loads column represents the clock pin loads (pin count)
** Non-Clock Loads column represents the non-clock pin loads (pin count)
*** Columns FF, LUTRAM, RAMB through 'Hard IP' represents load cell counts



# Location of BUFG Primitives 
set_property LOC BUFGCTRL_X0Y16 [get_cells gtwizard_0_exdes_i/gtwizard_0_support_i/gt_usrclk_source/txoutclk_bufg0_i]
set_property LOC BUFGCTRL_X0Y0 [get_cells gtwizard_0_exdes_i/DRP_CLK_BUFG]
set_property LOC BUFGCTRL_X0Y1 [get_cells dbg_hub/inst/BSCANID.u_xsdbm_id/SWITCH_N_EXT_BSCAN.u_bufg_icon_tck]

# Location of BUFH Primitives 
set_property LOC BUFHCE_X0Y60 [get_cells gtwizard_0_exdes_i/gtwizard_0_support_i/gtwizard_0_init_i/inst/gtwizard_0_i/cpll_railing0_i/refclk_buf]

# Location of IO Primitives which is load of clock spine

# Location of clock ports
set_property LOC IOB_X1Y75 [get_ports DRP_CLK_IN_N]
set_property LOC IOB_X1Y76 [get_ports DRP_CLK_IN_P]
set_property LOC IPAD_X1Y77 [get_ports Q2_CLK1_GTREFCLK_PAD_N_IN]
set_property LOC IPAD_X1Y76 [get_ports Q2_CLK1_GTREFCLK_PAD_P_IN]

# Clock net "gtwizard_0_exdes_i/gtwizard_0_support_i/gtwizard_0_init_i/inst/gtwizard_0_i/cpll_railing0_i/refclk_buf_n_0" driven by instance "gtwizard_0_exdes_i/gtwizard_0_support_i/gtwizard_0_init_i/inst/gtwizard_0_i/cpll_railing0_i/refclk_buf" located at site "BUFHCE_X0Y60"
#startgroup
create_pblock {CLKAG_gtwizard_0_exdes_i/gtwizard_0_support_i/gtwizard_0_init_i/inst/gtwizard_0_i/cpll_railing0_i/refclk_buf_n_0}
add_cells_to_pblock [get_pblocks  {CLKAG_gtwizard_0_exdes_i/gtwizard_0_support_i/gtwizard_0_init_i/inst/gtwizard_0_i/cpll_railing0_i/refclk_buf_n_0}] [get_cells -filter { PRIMITIVE_GROUP != I/O && IS_PRIMITIVE==1 && PRIMITIVE_LEVEL !=INTERNAL } -of_object [get_pins -filter {DIRECTION==IN} -of_objects [get_nets -hierarchical -filter {PARENT=="gtwizard_0_exdes_i/gtwizard_0_support_i/gtwizard_0_init_i/inst/gtwizard_0_i/cpll_railing0_i/refclk_buf_n_0"}]]]
resize_pblock [get_pblocks {CLKAG_gtwizard_0_exdes_i/gtwizard_0_support_i/gtwizard_0_init_i/inst/gtwizard_0_i/cpll_railing0_i/refclk_buf_n_0}] -add {CLOCKREGION_X0Y5:CLOCKREGION_X0Y5}
#endgroup

# Clock net "gtwizard_0_exdes_i/gtwizard_0_support_i/gt_usrclk_source/GT0_RXUSRCLK2_OUT" driven by instance "gtwizard_0_exdes_i/gtwizard_0_support_i/gt_usrclk_source/txoutclk_bufg0_i" located at site "BUFGCTRL_X0Y16"
#startgroup
create_pblock {CLKAG_gtwizard_0_exdes_i/gtwizard_0_support_i/gt_usrclk_source/GT0_RXUSRCLK2_OUT}
add_cells_to_pblock [get_pblocks  {CLKAG_gtwizard_0_exdes_i/gtwizard_0_support_i/gt_usrclk_source/GT0_RXUSRCLK2_OUT}] [get_cells -filter { PRIMITIVE_GROUP != I/O && IS_PRIMITIVE==1 && PRIMITIVE_LEVEL !=INTERNAL } -of_object [get_pins -filter {DIRECTION==IN} -of_objects [get_nets -hierarchical -filter {PARENT=="gtwizard_0_exdes_i/gtwizard_0_support_i/gt_usrclk_source/GT0_RXUSRCLK2_OUT"}]]]
resize_pblock [get_pblocks {CLKAG_gtwizard_0_exdes_i/gtwizard_0_support_i/gt_usrclk_source/GT0_RXUSRCLK2_OUT}] -add {CLOCKREGION_X1Y3:CLOCKREGION_X1Y3 CLOCKREGION_X1Y4:CLOCKREGION_X1Y4 CLOCKREGION_X1Y5:CLOCKREGION_X1Y5}
#endgroup

# Clock net "gtwizard_0_exdes_i/drpclk_in_i" driven by instance "gtwizard_0_exdes_i/DRP_CLK_BUFG" located at site "BUFGCTRL_X0Y0"
#startgroup
create_pblock {CLKAG_gtwizard_0_exdes_i/drpclk_in_i}
add_cells_to_pblock [get_pblocks  {CLKAG_gtwizard_0_exdes_i/drpclk_in_i}] [get_cells -filter { PRIMITIVE_GROUP != I/O && IS_PRIMITIVE==1 && PRIMITIVE_LEVEL !=INTERNAL } -of_object [get_pins -filter {DIRECTION==IN} -of_objects [get_nets -hierarchical -filter {PARENT=="gtwizard_0_exdes_i/drpclk_in_i"}]]]
resize_pblock [get_pblocks {CLKAG_gtwizard_0_exdes_i/drpclk_in_i}] -add {CLOCKREGION_X1Y4:CLOCKREGION_X1Y4 CLOCKREGION_X1Y5:CLOCKREGION_X1Y5}
#endgroup

# Clock net "dbg_hub/inst/BSCANID.u_xsdbm_id/itck_i" driven by instance "dbg_hub/inst/BSCANID.u_xsdbm_id/SWITCH_N_EXT_BSCAN.u_bufg_icon_tck" located at site "BUFGCTRL_X0Y1"
#startgroup
create_pblock {CLKAG_dbg_hub/inst/BSCANID.u_xsdbm_id/itck_i}
add_cells_to_pblock [get_pblocks  {CLKAG_dbg_hub/inst/BSCANID.u_xsdbm_id/itck_i}] [get_cells -filter { PRIMITIVE_GROUP != I/O && IS_PRIMITIVE==1 && PRIMITIVE_LEVEL !=INTERNAL } -of_object [get_pins -filter {DIRECTION==IN} -of_objects [get_nets -hierarchical -filter {PARENT=="dbg_hub/inst/BSCANID.u_xsdbm_id/itck_i"}]]]
resize_pblock [get_pblocks {CLKAG_dbg_hub/inst/BSCANID.u_xsdbm_id/itck_i}] -add {CLOCKREGION_X1Y4:CLOCKREGION_X1Y4 CLOCKREGION_X1Y5:CLOCKREGION_X1Y5}
#endgroup
