#-----------------------------------------------------------
# Vivado v2020.2 (64-bit)
# SW Build 3064766 on Wed Nov 18 09:12:45 MST 2020
# IP Build 3064653 on Wed Nov 18 14:17:31 MST 2020
# Start of session at: Thu Jun  3 14:28:02 2021
# Process ID: 14656
# Current directory: C:/Users/L/Desktop/Reasearch_Lab/Dr_Ye_pt_2/datao_lily_PAM4/From Wei/GTX_40M1280_20200627
# Command line: vivado.exe -gui_launcher_event rodinguilauncherevent10440 C:\Users\L\Desktop\Reasearch_Lab\Dr_Ye_pt_2\datao_lily_PAM4\From Wei\GTX_40M1280_20200627\GTX40M1280.xpr
# Log file: C:/Users/L/Desktop/Reasearch_Lab/Dr_Ye_pt_2/datao_lily_PAM4/From Wei/GTX_40M1280_20200627/vivado.log
# Journal file: C:/Users/L/Desktop/Reasearch_Lab/Dr_Ye_pt_2/datao_lily_PAM4/From Wei/GTX_40M1280_20200627\vivado.jou
#-----------------------------------------------------------
start_gui
open_project {C:/Users/L/Desktop/Reasearch_Lab/Dr_Ye_pt_2/datao_lily_PAM4/From Wei/GTX_40M1280_20200627/GTX40M1280.xpr}
INFO: [ProjectBase 1-489] The host OS only allows 260 characters in a normal path. The project is stored in a path with more than 80 characters. If you experience issues with IP, Block Designs, or files not being found, please consider moving the project to a location with a shorter path. Alternately consider using the OS subst command to map part of the path to a drive letter.
Current project path is 'C:/Users/L/Desktop/Reasearch_Lab/Dr_Ye_pt_2/datao_lily_PAM4/From Wei/GTX_40M1280_20200627'
INFO: [Project 1-313] Project file moved from 'C:/Vivado_Project/GTX_40M1280_20200627' since last save.
CRITICAL WARNING: [Project 1-311] Could not find the file 'C:/Users/L/Desktop/Reasearch_Lab/Dr_Ye_pt_2/datao_lily_PAM4/From Wei/GTX_40M1280_20200627/src/PRBS31Gen32b.v', nor could it be found using path 'C:/Vivado_Project/GTX_40M1280_20200627/src/PRBS31Gen32b.v'.
CRITICAL WARNING: [Project 1-311] Could not find the file 'C:/Users/L/Desktop/Reasearch_Lab/Dr_Ye_pt_2/datao_lily_PAM4/From Wei/GTX_40M1280_20200627/src/PRBS31_Data_Checker.v', nor could it be found using path 'C:/Vivado_Project/GTX_40M1280_20200627/src/PRBS31_Data_Checker.v'.
Scanning sources...
Finished scanning sources
INFO: [IP_Flow 19-234] Refreshing IP repositories
INFO: [IP_Flow 19-1704] No user IP repositories specified
INFO: [IP_Flow 19-2313] Loaded Vivado IP repository 'C:/Xilinx/Vivado/2020.2/data/ip'.
WARNING: [IP_Flow 19-2162] IP 'gtwizard_0' is locked:
* IP definition '7 Series FPGAs Transceivers Wizard (3.6)' for IP 'gtwizard_0' (customized with software release 2018.3) has a different revision in the IP Catalog.
WARNING: [IP_Flow 19-2162] IP 'ila_0' is locked:
* IP definition 'ILA (Integrated Logic Analyzer) (6.2)' for IP 'ila_0' (customized with software release 2018.3) has a different revision in the IP Catalog.
INFO: [Project 1-230] Project 'GTX40M1280.xpr' upgraded for this version of Vivado.
open_project: Time (s): cpu = 00:00:54 ; elapsed = 00:00:45 . Memory (MB): peak = 1073.102 ; gain = 0.000
report_ip_status -name ip_status 
update_compile_order -fileset sources_1
upgrade_ip [get_ips  {gtwizard_0 ila_0}] -log ip_upgrade.log
Upgrading 'gtwizard_0'
INFO: [IP_Flow 19-3422] Upgraded gtwizard_0 (7 Series FPGAs Transceivers Wizard 3.6) from revision 10 to revision 13
INFO: [IP_Flow 19-1686] Generating 'Instantiation Template' target for IP 'gtwizard_0'...
Upgrading 'ila_0'
INFO: [Project 1-386] Moving file 'C:/Users/L/Desktop/Reasearch_Lab/Dr_Ye_pt_2/datao_lily_PAM4/From Wei/GTX_40M1280_20200627/GTX40M1280.srcs/sources_1/ip/ila_0/ila_0.xci' from fileset 'ila_0' to fileset 'sources_1'.
INFO: [IP_Flow 19-3422] Upgraded ila_0 (ILA (Integrated Logic Analyzer) 6.2) from revision 8 to revision 11
INFO: [IP_Flow 19-1686] Generating 'Instantiation Template' target for IP 'ila_0'...
INFO: [Coretcl 2-1525] Wrote upgrade log to 'C:/Users/L/Desktop/Reasearch_Lab/Dr_Ye_pt_2/datao_lily_PAM4/From Wei/GTX_40M1280_20200627/ip_upgrade.log'.
upgrade_ip: Time (s): cpu = 00:00:21 ; elapsed = 00:00:16 . Memory (MB): peak = 1188.332 ; gain = 82.359
export_ip_user_files -of_objects [get_ips {gtwizard_0 ila_0}] -no_script -sync -force -quiet
convert_ips [get_files  {{C:/Users/L/Desktop/Reasearch_Lab/Dr_Ye_pt_2/datao_lily_PAM4/From Wei/GTX_40M1280_20200627/src/sources_1/ip/gtwizard_0/gtwizard_0.xci} {C:/Users/L/Desktop/Reasearch_Lab/Dr_Ye_pt_2/datao_lily_PAM4/From Wei/GTX_40M1280_20200627/GTX40M1280.srcs/sources_1/ip/ila_0/ila_0.xci}}]
INFO: [filemgmt 56-106] Converting IP 'gtwizard_0' into core container format.
INFO: [filemgmt 56-101] Creating core container 'C:/Users/L/Desktop/Reasearch_Lab/Dr_Ye_pt_2/datao_lily_PAM4/From Wei/GTX_40M1280_20200627/src/sources_1/ip/gtwizard_0.xcix' for IP 'gtwizard_0'
INFO: [filemgmt 56-106] Converting IP 'ila_0' into core container format.
INFO: [filemgmt 56-101] Creating core container 'C:/Users/L/Desktop/Reasearch_Lab/Dr_Ye_pt_2/datao_lily_PAM4/From Wei/GTX_40M1280_20200627/GTX40M1280.srcs/sources_1/ip/ila_0.xcix' for IP 'ila_0'
convert_ips: Time (s): cpu = 00:00:02 ; elapsed = 00:00:06 . Memory (MB): peak = 1188.355 ; gain = 0.023
export_ip_user_files -of_objects  [get_files  {{C:/Users/L/Desktop/Reasearch_Lab/Dr_Ye_pt_2/datao_lily_PAM4/From Wei/GTX_40M1280_20200627/src/sources_1/ip/gtwizard_0/gtwizard_0.xci} {C:/Users/L/Desktop/Reasearch_Lab/Dr_Ye_pt_2/datao_lily_PAM4/From Wei/GTX_40M1280_20200627/GTX40M1280.srcs/sources_1/ip/ila_0/ila_0.xci}}] -sync -lib_map_path [list {modelsim=C:/Users/L/Desktop/Reasearch_Lab/Dr_Ye_pt_2/datao_lily_PAM4/From Wei/GTX_40M1280_20200627/GTX40M1280.cache/compile_simlib/modelsim} {questa=C:/Users/L/Desktop/Reasearch_Lab/Dr_Ye_pt_2/datao_lily_PAM4/From Wei/GTX_40M1280_20200627/GTX40M1280.cache/compile_simlib/questa} {riviera=C:/Users/L/Desktop/Reasearch_Lab/Dr_Ye_pt_2/datao_lily_PAM4/From Wei/GTX_40M1280_20200627/GTX40M1280.cache/compile_simlib/riviera} {activehdl=C:/Users/L/Desktop/Reasearch_Lab/Dr_Ye_pt_2/datao_lily_PAM4/From Wei/GTX_40M1280_20200627/GTX40M1280.cache/compile_simlib/activehdl}] -force -quiet
set_property coreContainer.enable 1 [current_project]
update_compile_order -fileset sources_1
generate_target all [get_files  {{C:/Users/L/Desktop/Reasearch_Lab/Dr_Ye_pt_2/datao_lily_PAM4/From Wei/GTX_40M1280_20200627/src/sources_1/ip/gtwizard_0/gtwizard_0.xci} {C:/Users/L/Desktop/Reasearch_Lab/Dr_Ye_pt_2/datao_lily_PAM4/From Wei/GTX_40M1280_20200627/GTX40M1280.srcs/sources_1/ip/ila_0/ila_0.xci}}]
INFO: [IP_Flow 19-1686] Generating 'Synthesis' target for IP 'gtwizard_0'...
INFO: [IP_Flow 19-1686] Generating 'Simulation' target for IP 'gtwizard_0'...
INFO: [IP_Flow 19-1686] Generating 'Implementation' target for IP 'gtwizard_0'...
INFO: [IP_Flow 19-1686] Generating 'Change Log' target for IP 'gtwizard_0'...
INFO: [IP_Flow 19-1686] Generating 'Synthesis' target for IP 'ila_0'...
WARNING: [IP_Flow 19-4994] Overwriting existing constraint file 'c:/Users/L/Desktop/Reasearch_Lab/Dr_Ye_pt_2/datao_lily_PAM4/From Wei/GTX_40M1280_20200627/GTX40M1280.srcs/sources_1/ip/ila_0/ila_0_ooc.xdc'
INFO: [IP_Flow 19-1686] Generating 'Simulation' target for IP 'ila_0'...
INFO: [IP_Flow 19-1686] Generating 'Implementation' target for IP 'ila_0'...
INFO: [IP_Flow 19-1686] Generating 'Change Log' target for IP 'ila_0'...
generate_target: Time (s): cpu = 00:00:25 ; elapsed = 00:00:27 . Memory (MB): peak = 1210.586 ; gain = 22.230
export_ip_user_files -of_objects [get_files {{C:/Users/L/Desktop/Reasearch_Lab/Dr_Ye_pt_2/datao_lily_PAM4/From Wei/GTX_40M1280_20200627/src/sources_1/ip/gtwizard_0/gtwizard_0.xci}}] -no_script -sync -force -quiet
export_ip_user_files -of_objects [get_files {{C:/Users/L/Desktop/Reasearch_Lab/Dr_Ye_pt_2/datao_lily_PAM4/From Wei/GTX_40M1280_20200627/GTX40M1280.srcs/sources_1/ip/ila_0/ila_0.xci}}] -no_script -sync -force -quiet
create_ip_run [get_files -of_objects [get_fileset sources_1] {{C:/Users/L/Desktop/Reasearch_Lab/Dr_Ye_pt_2/datao_lily_PAM4/From Wei/GTX_40M1280_20200627/GTX40M1280.srcs/sources_1/ip/ila_0/ila_0.xci}}]
launch_runs ila_0_synth_1 -jobs 2
[Thu Jun  3 14:47:25 2021] Launched ila_0_synth_1...
Run output will be captured here: C:/Users/L/Desktop/Reasearch_Lab/Dr_Ye_pt_2/datao_lily_PAM4/From Wei/GTX_40M1280_20200627/GTX40M1280.runs/ila_0_synth_1/runme.log
export_simulation -of_objects [get_files {{C:/Users/L/Desktop/Reasearch_Lab/Dr_Ye_pt_2/datao_lily_PAM4/From Wei/GTX_40M1280_20200627/src/sources_1/ip/gtwizard_0/gtwizard_0.xci}}] -directory {C:/Users/L/Desktop/Reasearch_Lab/Dr_Ye_pt_2/datao_lily_PAM4/From Wei/GTX_40M1280_20200627/GTX40M1280.ip_user_files/sim_scripts} -ip_user_files_dir {C:/Users/L/Desktop/Reasearch_Lab/Dr_Ye_pt_2/datao_lily_PAM4/From Wei/GTX_40M1280_20200627/GTX40M1280.ip_user_files} -ipstatic_source_dir {C:/Users/L/Desktop/Reasearch_Lab/Dr_Ye_pt_2/datao_lily_PAM4/From Wei/GTX_40M1280_20200627/GTX40M1280.ip_user_files/ipstatic} -lib_map_path [list {modelsim=C:/Users/L/Desktop/Reasearch_Lab/Dr_Ye_pt_2/datao_lily_PAM4/From Wei/GTX_40M1280_20200627/GTX40M1280.cache/compile_simlib/modelsim} {questa=C:/Users/L/Desktop/Reasearch_Lab/Dr_Ye_pt_2/datao_lily_PAM4/From Wei/GTX_40M1280_20200627/GTX40M1280.cache/compile_simlib/questa} {riviera=C:/Users/L/Desktop/Reasearch_Lab/Dr_Ye_pt_2/datao_lily_PAM4/From Wei/GTX_40M1280_20200627/GTX40M1280.cache/compile_simlib/riviera} {activehdl=C:/Users/L/Desktop/Reasearch_Lab/Dr_Ye_pt_2/datao_lily_PAM4/From Wei/GTX_40M1280_20200627/GTX40M1280.cache/compile_simlib/activehdl}] -use_ip_compiled_libs -force -quiet
export_simulation -of_objects [get_files {{C:/Users/L/Desktop/Reasearch_Lab/Dr_Ye_pt_2/datao_lily_PAM4/From Wei/GTX_40M1280_20200627/GTX40M1280.srcs/sources_1/ip/ila_0/ila_0.xci}}] -directory {C:/Users/L/Desktop/Reasearch_Lab/Dr_Ye_pt_2/datao_lily_PAM4/From Wei/GTX_40M1280_20200627/GTX40M1280.ip_user_files/sim_scripts} -ip_user_files_dir {C:/Users/L/Desktop/Reasearch_Lab/Dr_Ye_pt_2/datao_lily_PAM4/From Wei/GTX_40M1280_20200627/GTX40M1280.ip_user_files} -ipstatic_source_dir {C:/Users/L/Desktop/Reasearch_Lab/Dr_Ye_pt_2/datao_lily_PAM4/From Wei/GTX_40M1280_20200627/GTX40M1280.ip_user_files/ipstatic} -lib_map_path [list {modelsim=C:/Users/L/Desktop/Reasearch_Lab/Dr_Ye_pt_2/datao_lily_PAM4/From Wei/GTX_40M1280_20200627/GTX40M1280.cache/compile_simlib/modelsim} {questa=C:/Users/L/Desktop/Reasearch_Lab/Dr_Ye_pt_2/datao_lily_PAM4/From Wei/GTX_40M1280_20200627/GTX40M1280.cache/compile_simlib/questa} {riviera=C:/Users/L/Desktop/Reasearch_Lab/Dr_Ye_pt_2/datao_lily_PAM4/From Wei/GTX_40M1280_20200627/GTX40M1280.cache/compile_simlib/riviera} {activehdl=C:/Users/L/Desktop/Reasearch_Lab/Dr_Ye_pt_2/datao_lily_PAM4/From Wei/GTX_40M1280_20200627/GTX40M1280.cache/compile_simlib/activehdl}] -use_ip_compiled_libs -force -quiet
set_property -dict [list CONFIG.gt0_val_prbs_detector {true}] [get_ips gtwizard_0]
generate_target all [get_files  {{C:/Users/L/Desktop/Reasearch_Lab/Dr_Ye_pt_2/datao_lily_PAM4/From Wei/GTX_40M1280_20200627/src/sources_1/ip/gtwizard_0/gtwizard_0.xci}}]
INFO: [IP_Flow 19-1686] Generating 'Instantiation Template' target for IP 'gtwizard_0'...
INFO: [IP_Flow 19-1686] Generating 'Synthesis' target for IP 'gtwizard_0'...
INFO: [IP_Flow 19-1686] Generating 'Simulation' target for IP 'gtwizard_0'...
INFO: [IP_Flow 19-1686] Generating 'Implementation' target for IP 'gtwizard_0'...
INFO: [IP_Flow 19-1686] Generating 'Change Log' target for IP 'gtwizard_0'...
generate_target: Time (s): cpu = 00:00:17 ; elapsed = 00:00:17 . Memory (MB): peak = 1277.684 ; gain = 33.102
export_ip_user_files -of_objects [get_files {{C:/Users/L/Desktop/Reasearch_Lab/Dr_Ye_pt_2/datao_lily_PAM4/From Wei/GTX_40M1280_20200627/src/sources_1/ip/gtwizard_0/gtwizard_0.xci}}] -no_script -sync -force -quiet
export_simulation -of_objects [get_files {{C:/Users/L/Desktop/Reasearch_Lab/Dr_Ye_pt_2/datao_lily_PAM4/From Wei/GTX_40M1280_20200627/src/sources_1/ip/gtwizard_0/gtwizard_0.xci}}] -directory {C:/Users/L/Desktop/Reasearch_Lab/Dr_Ye_pt_2/datao_lily_PAM4/From Wei/GTX_40M1280_20200627/GTX40M1280.ip_user_files/sim_scripts} -ip_user_files_dir {C:/Users/L/Desktop/Reasearch_Lab/Dr_Ye_pt_2/datao_lily_PAM4/From Wei/GTX_40M1280_20200627/GTX40M1280.ip_user_files} -ipstatic_source_dir {C:/Users/L/Desktop/Reasearch_Lab/Dr_Ye_pt_2/datao_lily_PAM4/From Wei/GTX_40M1280_20200627/GTX40M1280.ip_user_files/ipstatic} -lib_map_path [list {modelsim=C:/Users/L/Desktop/Reasearch_Lab/Dr_Ye_pt_2/datao_lily_PAM4/From Wei/GTX_40M1280_20200627/GTX40M1280.cache/compile_simlib/modelsim} {questa=C:/Users/L/Desktop/Reasearch_Lab/Dr_Ye_pt_2/datao_lily_PAM4/From Wei/GTX_40M1280_20200627/GTX40M1280.cache/compile_simlib/questa} {riviera=C:/Users/L/Desktop/Reasearch_Lab/Dr_Ye_pt_2/datao_lily_PAM4/From Wei/GTX_40M1280_20200627/GTX40M1280.cache/compile_simlib/riviera} {activehdl=C:/Users/L/Desktop/Reasearch_Lab/Dr_Ye_pt_2/datao_lily_PAM4/From Wei/GTX_40M1280_20200627/GTX40M1280.cache/compile_simlib/activehdl}] -use_ip_compiled_libs -force -quiet
exit
INFO: [Common 17-206] Exiting Vivado at Thu Jun  3 15:06:35 2021...
