#-----------------------------------------------------------
# Vivado v2018.3 (64-bit)
# SW Build 2405991 on Thu Dec  6 23:38:27 MST 2018
# IP Build 2404404 on Fri Dec  7 01:43:56 MST 2018
# Start of session at: Tue Jan 19 16:54:06 2021
# Process ID: 2404
# Current directory: C:/Vivado_Project/GTX_40M1280_20200627
# Command line: vivado.exe -gui_launcher_event rodinguilauncherevent7172 C:\Vivado_Project\GTX_40M1280_20200627\GTX40M1280.xpr
# Log file: C:/Vivado_Project/GTX_40M1280_20200627/vivado.log
# Journal file: C:/Vivado_Project/GTX_40M1280_20200627\vivado.jou
#-----------------------------------------------------------
start_gui
open_project C:/Vivado_Project/GTX_40M1280_20200627/GTX40M1280.xpr
Scanning sources...
Finished scanning sources
INFO: [IP_Flow 19-234] Refreshing IP repositories
INFO: [IP_Flow 19-1704] No user IP repositories specified
INFO: [IP_Flow 19-2313] Loaded Vivado IP repository 'C:/Xilinx/Vivado/2018.3/data/ip'.
open_project: Time (s): cpu = 00:00:16 ; elapsed = 00:00:16 . Memory (MB): peak = 705.824 ; gain = 110.949
update_compile_order -fileset sources_1
exit
INFO: [Common 17-206] Exiting Vivado at Tue Jan 19 16:55:38 2021...
