#-----------------------------------------------------------
# Vivado v2020.2 (64-bit)
# SW Build 3064766 on Wed Nov 18 09:12:45 MST 2020
# IP Build 3064653 on Wed Nov 18 14:17:31 MST 2020
# Start of session at: Wed Jun 16 13:24:16 2021
# Process ID: 3688
# Current directory: C:/Users/L/Desktop/Reasearch_Lab/Dr_Ye_pt_2/datao_lily_PAM4/From Wei/GTX_40M1280_20200627
# Command line: vivado.exe -gui_launcher_event rodinguilauncherevent21788 C:\Users\L\Desktop\Reasearch_Lab\Dr_Ye_pt_2\datao_lily_PAM4\From Wei\GTX_40M1280_20200627\GTX40M1280.xpr
# Log file: C:/Users/L/Desktop/Reasearch_Lab/Dr_Ye_pt_2/datao_lily_PAM4/From Wei/GTX_40M1280_20200627/vivado.log
# Journal file: C:/Users/L/Desktop/Reasearch_Lab/Dr_Ye_pt_2/datao_lily_PAM4/From Wei/GTX_40M1280_20200627\vivado.jou
#-----------------------------------------------------------
start_gui
open_project {C:/Users/L/Desktop/Reasearch_Lab/Dr_Ye_pt_2/datao_lily_PAM4/From Wei/GTX_40M1280_20200627/GTX40M1280.xpr}
INFO: [ProjectBase 1-489] The host OS only allows 260 characters in a normal path. The project is stored in a path with more than 80 characters. If you experience issues with IP, Block Designs, or files not being found, please consider moving the project to a location with a shorter path. Alternately consider using the OS subst command to map part of the path to a drive letter.
Current project path is 'C:/Users/L/Desktop/Reasearch_Lab/Dr_Ye_pt_2/datao_lily_PAM4/From Wei/GTX_40M1280_20200627'
CRITICAL WARNING: [Project 1-19] Could not find the file 'C:/Users/L/Desktop/Reasearch_Lab/Dr_Ye_pt_2/datao_lily_PAM4/From Wei/GTX_40M1280_20200627/src/PRBS31Gen32b.v'.
CRITICAL WARNING: [Project 1-19] Could not find the file 'C:/Users/L/Desktop/Reasearch_Lab/Dr_Ye_pt_2/datao_lily_PAM4/From Wei/GTX_40M1280_20200627/src/PRBS31_Data_Checker.v'.
Scanning sources...
Finished scanning sources
INFO: [IP_Flow 19-234] Refreshing IP repositories
INFO: [IP_Flow 19-1704] No user IP repositories specified
INFO: [IP_Flow 19-2313] Loaded Vivado IP repository 'C:/Xilinx/Vivado/2020.2/data/ip'.
open_project: Time (s): cpu = 00:00:36 ; elapsed = 00:00:23 . Memory (MB): peak = 1088.641 ; gain = 0.000
update_compile_order -fileset sources_1
WARNING: [IP_Flow 19-4067] Ignoring invalid widget type specified checkbox.Providing a default widget
WARNING: [IP_Flow 19-4067] Ignoring invalid widget type specified checkbox.Providing a default widget
open_run impl_1
INFO: [Device 21-403] Loading part xc7k325tffg900-2
Netlist sorting complete. Time (s): cpu = 00:00:00 ; elapsed = 00:00:00.181 . Memory (MB): peak = 1587.215 ; gain = 0.000
INFO: [Netlist 29-17] Analyzing 211 Unisim elements for replacement
INFO: [Netlist 29-28] Unisim Transformation completed in 0 CPU seconds
INFO: [Project 1-479] Netlist was created with Vivado 2018.3
INFO: [Project 1-570] Preparing netlist for logic optimization
INFO: [Constraints 18-4397] Generator change detected checking ShapeConfig Enum. shapeDB will be regenerated.
Parsing XDC File [C:/Users/L/Desktop/Reasearch_Lab/Dr_Ye_pt_2/datao_lily_PAM4/From Wei/GTX_40M1280_20200627/GTX40M1280.runs/impl_1/top_routed/top_early.xdc]
Finished Parsing XDC File [C:/Users/L/Desktop/Reasearch_Lab/Dr_Ye_pt_2/datao_lily_PAM4/From Wei/GTX_40M1280_20200627/GTX40M1280.runs/impl_1/top_routed/top_early.xdc]
Parsing XDC File [C:/Users/L/Desktop/Reasearch_Lab/Dr_Ye_pt_2/datao_lily_PAM4/From Wei/GTX_40M1280_20200627/GTX40M1280.runs/impl_1/top_routed/top.xdc]
INFO: [Timing 38-35] Done setting XDC timing constraints. [c:/Vivado_Project/GTX_40M1280_20200627/GTX40M1280.runs/impl_1/.Xil/Vivado-6596-13-02625/dbg_hub_CV.0/out/xsdbm_cc_late_late.xdc:7]
Finished Parsing XDC File [C:/Users/L/Desktop/Reasearch_Lab/Dr_Ye_pt_2/datao_lily_PAM4/From Wei/GTX_40M1280_20200627/GTX40M1280.runs/impl_1/top_routed/top.xdc]
Reading XDEF placement.
Reading placer database...
Reading XDEF routing.
Read XDEF File: Time (s): cpu = 00:00:00 ; elapsed = 00:00:00.539 . Memory (MB): peak = 2349.859 ; gain = 0.000
Restored from archive | CPU: 0.000000 secs | Memory: 0.000000 MB |
Finished XDEF File Restore: Time (s): cpu = 00:00:00 ; elapsed = 00:00:00.541 . Memory (MB): peak = 2349.859 ; gain = 0.000
INFO: [Opt 31-138] Pushed 0 inverter(s) to 0 load pin(s).
Netlist sorting complete. Time (s): cpu = 00:00:00 ; elapsed = 00:00:00.007 . Memory (MB): peak = 2349.859 ; gain = 0.000
INFO: [Project 1-111] Unisim Transformation Summary:
  A total of 118 instances were transformed.
  CFGLUT5 => CFGLUT5 (SRL16E, SRLC32E): 112 instances
  RAM32M => RAM32M (RAMD32(x6), RAMS32(x2)): 6 instances

open_run: Time (s): cpu = 00:00:52 ; elapsed = 00:00:45 . Memory (MB): peak = 2377.910 ; gain = 1140.250
open_report: Time (s): cpu = 00:00:11 ; elapsed = 00:00:06 . Memory (MB): peak = 2410.941 ; gain = 28.070
WARNING: [Timing 38-436] There are set_bus_skew constraint(s) in this design. Please run report_bus_skew to ensure that bus skew requirements are met.
exit
INFO: [Common 17-206] Exiting Vivado at Sun Jun 20 22:18:59 2021...
