#-----------------------------------------------------------
# Vivado v2020.2 (64-bit)
# SW Build 3064766 on Wed Nov 18 09:12:45 MST 2020
# IP Build 3064653 on Wed Nov 18 14:17:31 MST 2020
# Start of session at: Mon Jun 21 13:31:12 2021
# Process ID: 232
# Current directory: C:/Users/L/Desktop/Reasearch_Lab/Dr_Ye_pt_2/datao_lily_PAM4/From Wei/GTX_40M1280_20200627
# Command line: vivado.exe -gui_launcher_event rodinguilauncherevent10616 C:\Users\L\Desktop\Reasearch_Lab\Dr_Ye_pt_2\datao_lily_PAM4\From Wei\GTX_40M1280_20200627\GTX40M1280.xpr
# Log file: C:/Users/L/Desktop/Reasearch_Lab/Dr_Ye_pt_2/datao_lily_PAM4/From Wei/GTX_40M1280_20200627/vivado.log
# Journal file: C:/Users/L/Desktop/Reasearch_Lab/Dr_Ye_pt_2/datao_lily_PAM4/From Wei/GTX_40M1280_20200627\vivado.jou
#-----------------------------------------------------------
start_gui
open_project {C:/Users/L/Desktop/Reasearch_Lab/Dr_Ye_pt_2/datao_lily_PAM4/From Wei/GTX_40M1280_20200627/GTX40M1280.xpr}
INFO: [ProjectBase 1-489] The host OS only allows 260 characters in a normal path. The project is stored in a path with more than 80 characters. If you experience issues with IP, Block Designs, or files not being found, please consider moving the project to a location with a shorter path. Alternately consider using the OS subst command to map part of the path to a drive letter.
Current project path is 'C:/Users/L/Desktop/Reasearch_Lab/Dr_Ye_pt_2/datao_lily_PAM4/From Wei/GTX_40M1280_20200627'
CRITICAL WARNING: [Project 1-19] Could not find the file 'C:/Users/L/Desktop/Reasearch_Lab/Dr_Ye_pt_2/datao_lily_PAM4/From Wei/GTX_40M1280_20200627/src/PRBS31Gen32b.v'.
CRITICAL WARNING: [Project 1-19] Could not find the file 'C:/Users/L/Desktop/Reasearch_Lab/Dr_Ye_pt_2/datao_lily_PAM4/From Wei/GTX_40M1280_20200627/src/PRBS31_Data_Checker.v'.
Scanning sources...
Finished scanning sources
INFO: [IP_Flow 19-234] Refreshing IP repositories
INFO: [IP_Flow 19-1704] No user IP repositories specified
INFO: [IP_Flow 19-2313] Loaded Vivado IP repository 'C:/Xilinx/Vivado/2020.2/data/ip'.
open_project: Time (s): cpu = 00:00:30 ; elapsed = 00:00:16 . Memory (MB): peak = 1088.781 ; gain = 0.000
update_compile_order -fileset sources_1
exit
INFO: [Common 17-206] Exiting Vivado at Tue Jun 22 13:41:39 2021...
