#-----------------------------------------------------------
# Vivado v2020.2 (64-bit)
# SW Build 3064766 on Wed Nov 18 09:12:45 MST 2020
# IP Build 3064653 on Wed Nov 18 14:17:31 MST 2020
# Start of session at: Tue Jun 22 13:13:42 2021
# Process ID: 19188
# Current directory: c:/Lily_Zhang/GBS20V1/Elijah/git_repo/Xilinx_serdes_test_xpr/gtwizard_0_ex
# Command line: vivado.exe -notrace -source c:/Lily_Zhang/GBS20V1/Elijah/git_repo/Xilinx_serdes_test_xpr/gtwizard_0_ex/gtwizard_0_ex.tcl
# Log file: c:/Lily_Zhang/GBS20V1/Elijah/git_repo/Xilinx_serdes_test_xpr/gtwizard_0_ex/vivado.log
# Journal file: c:/Lily_Zhang/GBS20V1/Elijah/git_repo/Xilinx_serdes_test_xpr/gtwizard_0_ex\vivado.jou
#-----------------------------------------------------------
start_gui
source c:/Lily_Zhang/GBS20V1/Elijah/git_repo/Xilinx_serdes_test_xpr/gtwizard_0_ex/gtwizard_0_ex.tcl -notrace
INFO: [open_example_project] Creating new example project...
INFO: [IP_Flow 19-234] Refreshing IP repositories
INFO: [IP_Flow 19-1704] No user IP repositories specified
INFO: [IP_Flow 19-2313] Loaded Vivado IP repository 'C:/Xilinx/Vivado/2020.2/data/ip'.
INFO: [open_example_project] Importing original IP ...
INFO: [open_example_project] Generating the example project IP ...
INFO: [IP_Flow 19-1706] Not generating 'Instantiation Template' target for IP 'gtwizard_0'. Target already exists and is up to date.
INFO: [IP_Flow 19-1706] Not generating 'Synthesis' target for IP 'gtwizard_0'. Target already exists and is up to date.
INFO: [IP_Flow 19-1706] Not generating 'Simulation' target for IP 'gtwizard_0'. Target already exists and is up to date.
INFO: [IP_Flow 19-1706] Not generating 'Implementation' target for IP 'gtwizard_0'. Target already exists and is up to date.
INFO: [open_example_project] Adding example synthesis HDL files ...
INFO: [open_example_project] Adding example synthesis miscellaneous files ...
INFO: [open_example_project] Adding example XDC files ...
INFO: [open_example_project] Adding simulation HDL files ...
INFO: [open_example_project] Adding simulation miscellaneous files ...
INFO: [filemgmt 20-348] Importing the appropriate files for fileset: 'constrs_1'
INFO: [filemgmt 20-348] Importing the appropriate files for fileset: 'sim_1'
INFO: [filemgmt 20-348] Importing the appropriate files for fileset: 'sources_1'
INFO: [open_example_project] Sourcing example extension scripts ...
INFO: [open_example_project] Rebuilding all the top level IPs ...
WARNING: [SIM-utils-52] IP component XML file does not exist: 'c:/Lily_Zhang/GBS20V1/Elijah/git_repo/Xilinx_serdes_test_xpr/gtwizard_0_ex/gtwizard_0_ex.srcs/sources_1/ip/gtwizard_0/gtwizard_0.xml'
INFO: [exportsim-Tcl-35] Exporting simulation files for "XSIM" (Xilinx Vivado Simulator)...
INFO: [exportsim-Tcl-29] Script generated: 'C:/Lily_Zhang/GBS20V1/Elijah/git_repo/Xilinx_serdes_test_xpr/gtwizard_0_ex/gtwizard_0_ex.ip_user_files/sim_scripts/gtwizard_0/xsim/gtwizard_0.sh'
INFO: [SIM-utils-43] Exported 'C:/Lily_Zhang/GBS20V1/Elijah/git_repo/Xilinx_serdes_test_xpr/gtwizard_0_ex/gtwizard_0_ex.ip_user_files/sim_scripts/gtwizard_0/xsim/v7ht.tcl'
INFO: [exportsim-Tcl-35] Exporting simulation files for "MODELSIM" (Mentor Graphics ModelSim Simulator)...
INFO: [exportsim-Tcl-29] Script generated: 'C:/Lily_Zhang/GBS20V1/Elijah/git_repo/Xilinx_serdes_test_xpr/gtwizard_0_ex/gtwizard_0_ex.ip_user_files/sim_scripts/gtwizard_0/modelsim/gtwizard_0.sh'
INFO: [SIM-utils-43] Exported 'C:/Lily_Zhang/GBS20V1/Elijah/git_repo/Xilinx_serdes_test_xpr/gtwizard_0_ex/gtwizard_0_ex.ip_user_files/sim_scripts/gtwizard_0/modelsim/v7ht.tcl'
INFO: [exportsim-Tcl-35] Exporting simulation files for "QUESTA" (Mentor Graphics Questa Advanced Simulator)...
INFO: [exportsim-Tcl-29] Script generated: 'C:/Lily_Zhang/GBS20V1/Elijah/git_repo/Xilinx_serdes_test_xpr/gtwizard_0_ex/gtwizard_0_ex.ip_user_files/sim_scripts/gtwizard_0/questa/gtwizard_0.sh'
INFO: [SIM-utils-43] Exported 'C:/Lily_Zhang/GBS20V1/Elijah/git_repo/Xilinx_serdes_test_xpr/gtwizard_0_ex/gtwizard_0_ex.ip_user_files/sim_scripts/gtwizard_0/questa/v7ht.tcl'
INFO: [exportsim-Tcl-35] Exporting simulation files for "IES" (Cadence Incisive Enterprise Simulator)...
INFO: [exportsim-Tcl-29] Script generated: 'C:/Lily_Zhang/GBS20V1/Elijah/git_repo/Xilinx_serdes_test_xpr/gtwizard_0_ex/gtwizard_0_ex.ip_user_files/sim_scripts/gtwizard_0/ies/gtwizard_0.sh'
INFO: [SIM-utils-43] Exported 'C:/Lily_Zhang/GBS20V1/Elijah/git_repo/Xilinx_serdes_test_xpr/gtwizard_0_ex/gtwizard_0_ex.ip_user_files/sim_scripts/gtwizard_0/ies/v7ht.tcl'
INFO: [exportsim-Tcl-35] Exporting simulation files for "VCS" (Synopsys Verilog Compiler Simulator)...
INFO: [exportsim-Tcl-29] Script generated: 'C:/Lily_Zhang/GBS20V1/Elijah/git_repo/Xilinx_serdes_test_xpr/gtwizard_0_ex/gtwizard_0_ex.ip_user_files/sim_scripts/gtwizard_0/vcs/gtwizard_0.sh'
INFO: [SIM-utils-43] Exported 'C:/Lily_Zhang/GBS20V1/Elijah/git_repo/Xilinx_serdes_test_xpr/gtwizard_0_ex/gtwizard_0_ex.ip_user_files/sim_scripts/gtwizard_0/vcs/v7ht.tcl'
INFO: [exportsim-Tcl-35] Exporting simulation files for "RIVIERA" (Aldec Riviera-PRO Simulator)...
INFO: [exportsim-Tcl-29] Script generated: 'C:/Lily_Zhang/GBS20V1/Elijah/git_repo/Xilinx_serdes_test_xpr/gtwizard_0_ex/gtwizard_0_ex.ip_user_files/sim_scripts/gtwizard_0/riviera/gtwizard_0.sh'
INFO: [SIM-utils-43] Exported 'C:/Lily_Zhang/GBS20V1/Elijah/git_repo/Xilinx_serdes_test_xpr/gtwizard_0_ex/gtwizard_0_ex.ip_user_files/sim_scripts/gtwizard_0/riviera/v7ht.tcl'
INFO: [exportsim-Tcl-35] Exporting simulation files for "ACTIVEHDL" (Aldec Active-HDL Simulator)...
INFO: [exportsim-Tcl-29] Script generated: 'C:/Lily_Zhang/GBS20V1/Elijah/git_repo/Xilinx_serdes_test_xpr/gtwizard_0_ex/gtwizard_0_ex.ip_user_files/sim_scripts/gtwizard_0/activehdl/gtwizard_0.sh'
INFO: [SIM-utils-43] Exported 'C:/Lily_Zhang/GBS20V1/Elijah/git_repo/Xilinx_serdes_test_xpr/gtwizard_0_ex/gtwizard_0_ex.ip_user_files/sim_scripts/gtwizard_0/activehdl/v7ht.tcl'
INFO: [exportsim-Tcl-35] Exporting simulation files for "XCELIUM" (Cadence Xcelium Parallel Simulator)...
INFO: [exportsim-Tcl-29] Script generated: 'C:/Lily_Zhang/GBS20V1/Elijah/git_repo/Xilinx_serdes_test_xpr/gtwizard_0_ex/gtwizard_0_ex.ip_user_files/sim_scripts/gtwizard_0/xcelium/gtwizard_0.sh'
INFO: [SIM-utils-43] Exported 'C:/Lily_Zhang/GBS20V1/Elijah/git_repo/Xilinx_serdes_test_xpr/gtwizard_0_ex/gtwizard_0_ex.ip_user_files/sim_scripts/gtwizard_0/xcelium/v7ht.tcl'
INFO: [open_example_project] Open Example Project completed
update_compile_order -fileset sources_1
launch_runs impl_1 -to_step write_bitstream -jobs 8
[Tue Jun 22 13:15:59 2021] Launched synth_1...
Run output will be captured here: c:/Lily_Zhang/GBS20V1/Elijah/git_repo/Xilinx_serdes_test_xpr/gtwizard_0_ex/gtwizard_0_ex.runs/synth_1/runme.log
[Tue Jun 22 13:15:59 2021] Launched impl_1...
Run output will be captured here: c:/Lily_Zhang/GBS20V1/Elijah/git_repo/Xilinx_serdes_test_xpr/gtwizard_0_ex/gtwizard_0_ex.runs/impl_1/runme.log
reset_run synth_1
WARNING: [Vivado 12-1017] Problems encountered:
1. Failed to delete one or more files in run directory c:/Lily_Zhang/GBS20V1/Elijah/git_repo/Xilinx_serdes_test_xpr/gtwizard_0_ex/gtwizard_0_ex.runs/synth_1

launch_runs synth_1 -jobs 8
[Tue Jun 22 13:24:24 2021] Launched synth_1...
Run output will be captured here: c:/Lily_Zhang/GBS20V1/Elijah/git_repo/Xilinx_serdes_test_xpr/gtwizard_0_ex/gtwizard_0_ex.runs/synth_1/runme.log
exit
INFO: [Common 17-206] Exiting Vivado at Tue Jun 22 13:29:41 2021...
